<?xml version="1.0" encoding="UTF-8"?>
<!-- Generated by org.testng.reporters.JUnitReportReporter -->
<testsuite hostname="LAPTOP-S4SC4N1F" failures="0" tests="6" name="com.kkem.assignment.TestClass_1" time="0.418" errors="0" timestamp="2022-10-18T13:09:23 IST" skipped="0">
  <testcase classname="com.kkem.assignment.TestClass_1" name="password" time="0.063"/>
  <system-out/>
  <testcase classname="com.kkem.assignment.TestClass_1" name="submit" time="0.039"/>
  <system-out/>
  <testcase classname="com.kkem.assignment.TestClass_1" name="address" time="0.075"/>
  <system-out/>
  <testcase classname="com.kkem.assignment.TestClass_1" name="mobNum" time="0.060"/>
  <system-out/>
  <testcase classname="com.kkem.assignment.TestClass_1" name="Fillform" time="0.114"/>
  <system-out/>
  <testcase classname="com.kkem.assignment.TestClass_1" name="eAddress" time="0.067"/>
  <system-out/>
</testsuite> <!-- com.kkem.assignment.TestClass_1 -->
