<?xml version="1.0" encoding="UTF-8"?>
<!-- Generated by org.testng.reporters.JUnitReportReporter -->
<testsuite hostname="LAPTOP-S4SC4N1F" failures="0" tests="1" name="com.kkem.assignment.TestClass3" time="0.147" errors="0" timestamp="2022-10-17T19:53:08 IST" skipped="0">
  <testcase classname="com.kkem.assignment.TestClass3" name="place" time="0.147"/>
  <system-out/>
</testsuite> <!-- com.kkem.assignment.TestClass3 -->
