<?xml version="1.0" encoding="UTF-8"?>
<!-- Generated by org.testng.reporters.JUnitReportReporter -->
<testsuite hostname="LAPTOP-S4SC4N1F" failures="0" tests="2" name="com.kkem.assignment.TestClass2" time="0.195" errors="0" timestamp="2022-10-17T19:52:08 IST" skipped="0">
  <testcase classname="com.kkem.assignment.TestClass2" name="day" time="0.132"/>
  <system-out/>
  <testcase classname="com.kkem.assignment.TestClass2" name="gender" time="0.063"/>
  <system-out/>
</testsuite> <!-- com.kkem.assignment.TestClass2 -->
